<?xml version="1.0" encoding="UTF-8"?>
<!-- Generated by org.testng.reporters.JUnitReportReporter -->
<testsuite hostname="DESKTOP-1ULGF16" failures="0" tests="1" name="TestNg.Excell" time="0.739" errors="0" timestamp="2022-11-22T18:39:48 IST" skipped="0">
  <testcase classname="TestNg.Excell" name="script" time="0.739"/>
  <system-out/>
</testsuite> <!-- TestNg.Excell -->
