<?xml version="1.0" encoding="UTF-8"?>
<!-- Generated by org.testng.reporters.JUnitReportReporter -->
<testsuite hostname="DESKTOP-1ULGF16" failures="0" tests="1" name="Task.AllCmd2" time="0.789" errors="0" timestamp="2022-12-20T10:34:39 IST" skipped="0">
  <testcase classname="Task.AllCmd2" name="test" time="0.789"/>
  <system-out/>
</testsuite> <!-- Task.AllCmd2 -->
