<?xml version="1.0" encoding="UTF-8"?>
<!-- Generated by org.testng.reporters.JUnitReportReporter -->
<testsuite hostname="DESKTOP-1ULGF16" failures="0" tests="1" name="TestNg.GroupsKeyword" time="0.008" errors="0" timestamp="2022-11-20T23:33:52 IST" skipped="0">
  <testcase classname="TestNg.GroupsKeyword" name="regression" time="0.008"/>
  <system-out/>
</testsuite> <!-- TestNg.GroupsKeyword -->
