<?xml version="1.0" encoding="UTF-8"?>
<!-- Generated by org.testng.reporters.JUnitReportReporter -->
<testsuite hostname="DESKTOP-1ULGF16" failures="0" tests="3" name="TestNg.TestNg_1" time="0.009" errors="0" timestamp="2022-11-15T16:27:47 IST" skipped="0">
  <testcase classname="TestNg.TestNg_1" name="test_1" time="0.006"/>
  <system-out/>
  <testcase classname="TestNg.TestNg_1" name="test_3" time="0.003"/>
  <system-out/>
  <testcase classname="TestNg.TestNg_1" name="test_2" time="0.000"/>
  <system-out/>
</testsuite> <!-- TestNg.TestNg_1 -->
