<?xml version="1.0" encoding="UTF-8"?>
<!-- Generated by org.testng.reporters.JUnitReportReporter -->
<testsuite hostname="DESKTOP-1ULGF16" failures="0" tests="1" name="Task.Totalcmd" time="9.733" errors="0" timestamp="2022-12-10T23:22:40 IST" skipped="0">
  <testcase classname="Task.Totalcmd" name="script" time="9.733"/>
  <system-out/>
</testsuite> <!-- Task.Totalcmd -->
