<?xml version="1.0" encoding="UTF-8"?>
<!-- Generated by org.testng.reporters.JUnitReportReporter -->
<testsuite hostname="DESKTOP-1ULGF16" failures="0" tests="10" name="TestNg.KeywordInvocationCount" time="0.017" errors="0" timestamp="2022-11-20T11:39:36 IST" skipped="0">
  <testcase classname="TestNg.KeywordInvocationCount" name="second" time="0.002"/>
  <system-out/>
  <testcase classname="TestNg.KeywordInvocationCount" name="diff1" time="0.008"/>
  <system-out/>
  <testcase classname="TestNg.KeywordInvocationCount" name="first" time="0.002"/>
  <system-out/>
  <testcase classname="TestNg.KeywordInvocationCount" name="third" time="0.001"/>
  <system-out/>
  <testcase classname="TestNg.KeywordInvocationCount" name="second" time="0.001"/>
  <system-out/>
  <testcase classname="TestNg.KeywordInvocationCount" name="diff" time="0.000"/>
  <system-out/>
  <testcase classname="TestNg.KeywordInvocationCount" name="third3" time="0.000"/>
  <system-out/>
  <testcase classname="TestNg.KeywordInvocationCount" name="second2" time="0.002"/>
  <system-out/>
  <testcase classname="TestNg.KeywordInvocationCount" name="second2" time="0.000"/>
  <system-out/>
  <testcase classname="TestNg.KeywordInvocationCount" name="first1" time="0.001"/>
  <system-out/>
</testsuite> <!-- TestNg.KeywordInvocationCount -->
