<?xml version="1.0" encoding="UTF-8"?>
<!-- Generated by org.testng.reporters.JUnitReportReporter -->
<testsuite hostname="DESKTOP-1ULGF16" failures="0" tests="8" name="TestNg.keywords" time="0.017" errors="0" timestamp="2022-11-20T11:29:30 IST" skipped="0">
  <testcase classname="TestNg.keywords" name="second" time="0.002"/>
  <system-out/>
  <testcase classname="TestNg.keywords" name="third" time="0.001"/>
  <system-out/>
  <testcase classname="TestNg.keywords" name="diff1" time="0.008"/>
  <system-out/>
  <testcase classname="TestNg.keywords" name="first" time="0.001"/>
  <system-out/>
  <testcase classname="TestNg.keywords" name="diff" time="0.001"/>
  <system-out/>
  <testcase classname="TestNg.keywords" name="third3" time="0.002"/>
  <system-out/>
  <testcase classname="TestNg.keywords" name="second2" time="0.001"/>
  <system-out/>
  <testcase classname="TestNg.keywords" name="first1" time="0.001"/>
  <system-out/>
</testsuite> <!-- TestNg.keywords -->
