<?xml version="1.0" encoding="UTF-8"?>
<!-- Generated by org.testng.reporters.JUnitReportReporter -->
<testsuite hostname="DESKTOP-1ULGF16" failures="0" tests="8" name="TestNg.KeywordEnabled" time="0.013" errors="0" timestamp="2022-11-20T11:44:19 IST" skipped="1">
  <testcase classname="TestNg.KeywordEnabled" name="third" time="0.001"/>
  <system-out/>
  <testcase classname="TestNg.KeywordEnabled" name="diff1" time="0.008"/>
  <system-out/>
  <testcase classname="TestNg.KeywordEnabled" name="first" time="0.001"/>
  <system-out/>
  <testcase classname="TestNg.KeywordEnabled" name="second" time="0.001"/>
  <system-out/>
  <testcase classname="TestNg.KeywordEnabled" name="third3" time="0.000"/>
  <system-out/>
  <testcase classname="TestNg.KeywordEnabled" name="second2" time="0.001"/>
  <system-out/>
  <testcase classname="TestNg.KeywordEnabled" name="first1" time="0.001"/>
  <system-out/>
  <testcase classname="TestNg.KeywordEnabled" name="diff">
    <skipped/>
  </testcase> <!-- diff -->
  <system-out/>
</testsuite> <!-- TestNg.KeywordEnabled -->
