<?xml version="1.0" encoding="UTF-8"?>
<!-- Generated by org.testng.reporters.JUnitReportReporter -->
<testsuite hostname="DESKTOP-1ULGF16" failures="0" tests="1" name="Task.AllCmd3" time="11.994" errors="0" timestamp="2022-12-20T13:08:59 IST" skipped="0">
  <testcase classname="Task.AllCmd3" name="script" time="11.994"/>
  <system-out/>
</testsuite> <!-- Task.AllCmd3 -->
