<?xml version="1.0" encoding="UTF-8"?>
<!-- Generated by org.testng.reporters.JUnitReportReporter -->
<testsuite hostname="DESKTOP-1ULGF16" failures="0" tests="2" name="TestNgTasks.Regression" time="6.260" errors="0" timestamp="2022-11-20T21:43:16 IST" skipped="0">
  <testcase classname="TestNgTasks.Regression" name="reg" time="2.506"/>
  <system-out/>
  <testcase classname="TestNgTasks.Regression" name="reg" time="3.754"/>
  <system-out/>
</testsuite> <!-- TestNgTasks.Regression -->
